

Started GET "/" for 127.0.0.1 at 2014-12-02 18:37:18 -0600
Processing by Rails::WelcomeController#index as HTML
  Rendered /home/aegis/.rvm/gems/ruby-2.0.0-p195/gems/railties-4.0.0/lib/rails/templates/rails/welcome/index.html.erb (1.7ms)
Completed 200 OK in 69ms (Views: 48.6ms | ActiveRecord: 0.0ms)
  [1m[36m (131.4ms)[0m  [1mCREATE TABLE "schema_migrations" ("version" varchar(255) NOT NULL) [0m
  [1m[35m (82.9ms)[0m  CREATE UNIQUE INDEX "unique_schema_migrations" ON "schema_migrations" ("version")
  [1m[36mActiveRecord::SchemaMigration Load (0.4ms)[0m  [1mSELECT "schema_migrations".* FROM "schema_migrations"[0m
Migrating to CreateTiles (20141212232754)
  [1m[35m (0.2ms)[0m  begin transaction
  [1m[36m (0.2ms)[0m  [1mrollback transaction[0m
  [1m[36mActiveRecord::SchemaMigration Load (0.1ms)[0m  [1mSELECT "schema_migrations".* FROM "schema_migrations"[0m
Migrating to CreatePlayers (20141213001801)
  [1m[35m (0.1ms)[0m  begin transaction
  [1m[36m (0.1ms)[0m  [1mrollback transaction[0m
  [1m[36mActiveRecord::SchemaMigration Load (0.1ms)[0m  [1mSELECT "schema_migrations".* FROM "schema_migrations"[0m
Migrating to CreateTiles (20141213001841)
  [1m[35m (0.1ms)[0m  begin transaction
  [1m[36m (0.3ms)[0m  [1mCREATE TABLE "tiles" ("id" INTEGER PRIMARY KEY AUTOINCREMENT NOT NULL, "description" text, "creator" integer, "created_at" datetime, "updated_at" datetime) [0m
  [1m[35mSQL (0.5ms)[0m  INSERT INTO "schema_migrations" ("version") VALUES (?)  [["version", "20141213001841"]]
  [1m[36m (120.6ms)[0m  [1mcommit transaction[0m
Migrating to CreateCards (20141213002226)
  [1m[35m (0.2ms)[0m  begin transaction
  [1m[36m (0.7ms)[0m  [1mCREATE TABLE "cards" ("id" INTEGER PRIMARY KEY AUTOINCREMENT NOT NULL, "selected" text, "player" integer, "created_at" datetime, "updated_at" datetime) [0m
  [1m[35mSQL (0.2ms)[0m  INSERT INTO "schema_migrations" ("version") VALUES (?)  [["version", "20141213002226"]]
  [1m[36m (111.7ms)[0m  [1mcommit transaction[0m
Migrating to CreatePlayers (20141213002402)
  [1m[35m (0.1ms)[0m  begin transaction
  [1m[36m (0.0ms)[0m  [1mrollback transaction[0m
  [1m[36mActiveRecord::SchemaMigration Load (0.1ms)[0m  [1mSELECT "schema_migrations".* FROM "schema_migrations"[0m
Migrating to CreatePlayers (20141214021646)
  [1m[35m (0.1ms)[0m  begin transaction
  [1m[36m (0.3ms)[0m  [1mCREATE TABLE "players" ("id" INTEGER PRIMARY KEY AUTOINCREMENT NOT NULL, "name" varchar(255), "email" varchar(255), "password" varchar(255), "phone" varchar(255), "friends" text, "created_at" datetime, "updated_at" datetime) [0m
  [1m[35mSQL (0.1ms)[0m  INSERT INTO "schema_migrations" ("version") VALUES (?)  [["version", "20141214021646"]]
  [1m[36m (196.0ms)[0m  [1mcommit transaction[0m
  [1m[35mActiveRecord::SchemaMigration Load (0.1ms)[0m  SELECT "schema_migrations".* FROM "schema_migrations"


Started GET "/" for 127.0.0.1 at 2014-12-19 16:56:10 -0600
  [1m[36mActiveRecord::SchemaMigration Load (0.1ms)[0m  [1mSELECT "schema_migrations".* FROM "schema_migrations"[0m
Processing by Rails::WelcomeController#index as HTML
  Rendered /home/aegis/.rvm/gems/ruby-2.0.0-p195/gems/railties-4.0.0/lib/rails/templates/rails/welcome/index.html.erb (2.1ms)
Completed 200 OK in 59ms (Views: 41.9ms | ActiveRecord: 0.0ms)


Started GET "/index.html" for 127.0.0.1 at 2014-12-19 16:58:47 -0600

ActionController::RoutingError (No route matches [GET] "/index.html"):
  actionpack (4.0.0) lib/action_dispatch/middleware/debug_exceptions.rb:21:in `call'
  actionpack (4.0.0) lib/action_dispatch/middleware/show_exceptions.rb:30:in `call'
  railties (4.0.0) lib/rails/rack/logger.rb:38:in `call_app'
  railties (4.0.0) lib/rails/rack/logger.rb:21:in `block in call'
  activesupport (4.0.0) lib/active_support/tagged_logging.rb:67:in `block in tagged'
  activesupport (4.0.0) lib/active_support/tagged_logging.rb:25:in `tagged'
  activesupport (4.0.0) lib/active_support/tagged_logging.rb:67:in `tagged'
  railties (4.0.0) lib/rails/rack/logger.rb:21:in `call'
  actionpack (4.0.0) lib/action_dispatch/middleware/request_id.rb:21:in `call'
  rack (1.5.2) lib/rack/methodoverride.rb:21:in `call'
  rack (1.5.2) lib/rack/runtime.rb:17:in `call'
  activesupport (4.0.0) lib/active_support/cache/strategy/local_cache.rb:83:in `call'
  rack (1.5.2) lib/rack/lock.rb:17:in `call'
  actionpack (4.0.0) lib/action_dispatch/middleware/static.rb:64:in `call'
  railties (4.0.0) lib/rails/engine.rb:511:in `call'
  railties (4.0.0) lib/rails/application.rb:97:in `call'
  rack (1.5.2) lib/rack/lock.rb:17:in `call'
  rack (1.5.2) lib/rack/content_length.rb:14:in `call'
  rack (1.5.2) lib/rack/handler/webrick.rb:60:in `service'
  /home/aegis/.rvm/rubies/ruby-2.0.0-p195/lib/ruby/2.0.0/webrick/httpserver.rb:138:in `service'
  /home/aegis/.rvm/rubies/ruby-2.0.0-p195/lib/ruby/2.0.0/webrick/httpserver.rb:94:in `run'
  /home/aegis/.rvm/rubies/ruby-2.0.0-p195/lib/ruby/2.0.0/webrick/server.rb:295:in `block in start_thread'


  Rendered /home/aegis/.rvm/gems/ruby-2.0.0-p195/gems/actionpack-4.0.0/lib/action_dispatch/middleware/templates/rescues/_trace.erb (0.9ms)
  Rendered /home/aegis/.rvm/gems/ruby-2.0.0-p195/gems/actionpack-4.0.0/lib/action_dispatch/middleware/templates/routes/_route.html.erb (3.2ms)
  Rendered /home/aegis/.rvm/gems/ruby-2.0.0-p195/gems/actionpack-4.0.0/lib/action_dispatch/middleware/templates/routes/_table.html.erb (12.4ms)
  Rendered /home/aegis/.rvm/gems/ruby-2.0.0-p195/gems/actionpack-4.0.0/lib/action_dispatch/middleware/templates/rescues/routing_error.erb within rescues/layout (45.7ms)
